2022-07-16_01-42-54 [restartedMain] INFO  c.c.a.AuthorizationMicroserviceApplication - Starting AuthorizationMicroserviceApplication using Java 17 on DEXTER with PID 1960 (C:\Users\praty\Desktop\CTS project\Pension-Management-System\Authorization-Microservice\target\classes started by Pratyay in C:\Users\praty\Desktop\CTS project\Pension-Management-System\Authorization-Microservice)
2022-07-16_01-42-54 [restartedMain] INFO  c.c.a.AuthorizationMicroserviceApplication - No active profile set, falling back to default profiles: default
2022-07-16_01-42-54 [restartedMain] INFO  o.s.b.d.e.DevToolsPropertyDefaultsPostProcessor - Devtools property defaults active! Set 'spring.devtools.add-properties' to 'false' to disable
2022-07-16_01-42-54 [restartedMain] INFO  o.s.b.d.e.DevToolsPropertyDefaultsPostProcessor - For additional web related logging consider setting the 'logging.level.web' property to 'DEBUG'
2022-07-16_01-42-54 [restartedMain] INFO  o.s.d.r.c.RepositoryConfigurationDelegate - Bootstrapping Spring Data JPA repositories in DEFAULT mode.
2022-07-16_01-42-54 [restartedMain] INFO  o.s.d.r.c.RepositoryConfigurationDelegate - Finished Spring Data repository scanning in 86 ms. Found 1 JPA repository interfaces.
2022-07-16_01-42-54 [restartedMain] INFO  o.s.cloud.context.scope.GenericScope - BeanFactory id=9cfaff61-749d-3a21-a9ed-bc8d51a71c97
2022-07-16_01-42-54 [restartedMain] INFO  o.s.b.w.e.tomcat.TomcatWebServer - Tomcat initialized with port(s): 8400 (http)
2022-07-16_01-42-54 [restartedMain] INFO  o.a.coyote.http11.Http11NioProtocol - Initializing ProtocolHandler ["http-nio-8400"]
2022-07-16_01-42-54 [restartedMain] INFO  o.a.catalina.core.StandardService - Starting service [Tomcat]
2022-07-16_01-42-54 [restartedMain] INFO  o.a.catalina.core.StandardEngine - Starting Servlet engine: [Apache Tomcat/9.0.41]
2022-07-16_01-42-54 [restartedMain] INFO  o.a.c.c.C.[.[localhost].[/auth] - Initializing Spring embedded WebApplicationContext
2022-07-16_01-42-54 [restartedMain] INFO  o.s.b.w.s.c.ServletWebServerApplicationContext - Root WebApplicationContext: initialization completed in 3332 ms
2022-07-16_01-42-54 [restartedMain] INFO  com.zaxxer.hikari.HikariDataSource - HikariPool-1 - Starting...
2022-07-16_01-42-54 [restartedMain] INFO  com.zaxxer.hikari.HikariDataSource - HikariPool-1 - Start completed.
2022-07-16_01-42-54 [restartedMain] INFO  o.s.b.a.h.H2ConsoleAutoConfiguration - H2 console available at '/db'. Database available at 'jdbc:h2:mem:testdb'
2022-07-16_01-42-54 [restartedMain] INFO  o.h.jpa.internal.util.LogHelper - HHH000204: Processing PersistenceUnitInfo [name: default]
2022-07-16_01-42-54 [restartedMain] INFO  org.hibernate.Version - HHH000412: Hibernate ORM core version 5.4.27.Final
2022-07-16_01-42-54 [restartedMain] INFO  o.h.annotations.common.Version - HCANN000001: Hibernate Commons Annotations {5.1.2.Final}
2022-07-16_01-42-54 [restartedMain] INFO  org.hibernate.dialect.Dialect - HHH000400: Using dialect: org.hibernate.dialect.H2Dialect
2022-07-16_01-42-54 [restartedMain] INFO  o.h.e.t.j.p.i.JtaPlatformInitiator - HHH000490: Using JtaPlatform implementation: [org.hibernate.engine.transaction.jta.platform.internal.NoJtaPlatform]
2022-07-16_01-42-54 [restartedMain] INFO  o.s.o.j.LocalContainerEntityManagerFactoryBean - Initialized JPA EntityManagerFactory for persistence unit 'default'
2022-07-16_01-42-54 [restartedMain] INFO  o.s.b.d.a.OptionalLiveReloadServer - LiveReload server is running on port 35729
2022-07-16_01-42-54 [restartedMain] INFO  o.s.b.a.e.web.EndpointLinksResolver - Exposing 2 endpoint(s) beneath base path '/actuator'
2022-07-16_01-42-54 [restartedMain] INFO  s.d.s.w.PropertySourcedRequestMappingHandlerMapping - Mapped URL path [/v2/api-docs] onto method [springfox.documentation.swagger2.web.Swagger2Controller#getDocumentation(String, HttpServletRequest)]
2022-07-16_01-42-54 [restartedMain] INFO  o.s.s.web.DefaultSecurityFilterChain - Will secure any request with [org.springframework.security.web.context.request.async.WebAsyncManagerIntegrationFilter@5b236de1, org.springframework.security.web.context.SecurityContextPersistenceFilter@5e4bfb87, org.springframework.security.web.header.HeaderWriterFilter@3edb8fbc, org.springframework.security.web.authentication.logout.LogoutFilter@6964f8a0, com.cts.authorization.config.JwtRequestFilter@6cac6aed, org.springframework.security.web.savedrequest.RequestCacheAwareFilter@264b7e91, org.springframework.security.web.servletapi.SecurityContextHolderAwareRequestFilter@16de3b8e, org.springframework.security.web.authentication.AnonymousAuthenticationFilter@5a0a7907, org.springframework.security.web.session.SessionManagementFilter@e434aab, org.springframework.security.web.access.ExceptionTranslationFilter@26f4f71a, org.springframework.security.web.access.intercept.FilterSecurityInterceptor@43265557]
2022-07-16_01-42-54 [restartedMain] INFO  o.s.s.c.ThreadPoolTaskExecutor - Initializing ExecutorService 'applicationTaskExecutor'
2022-07-16_01-42-54 [restartedMain] INFO  o.a.coyote.http11.Http11NioProtocol - Starting ProtocolHandler ["http-nio-8400"]
2022-07-16_01-42-54 [restartedMain] INFO  o.s.b.w.e.tomcat.TomcatWebServer - Tomcat started on port(s): 8400 (http) with context path '/auth'
2022-07-16_01-42-54 [restartedMain] INFO  s.d.s.w.p.DocumentationPluginsBootstrapper - Context refreshed
2022-07-16_01-42-54 [restartedMain] INFO  s.d.s.w.p.DocumentationPluginsBootstrapper - Found 1 custom documentation plugin(s)
2022-07-16_01-42-54 [restartedMain] INFO  s.d.s.w.s.ApiListingReferenceScanner - Scanning for api listing references
2022-07-16_01-42-54 [restartedMain] INFO  s.d.s.w.r.o.CachingOperationNameGenerator - Generating unique operation named: handleUsingGET_1
2022-07-16_01-42-54 [restartedMain] INFO  s.d.s.w.r.o.CachingOperationNameGenerator - Generating unique operation named: handleUsingGET_2
2022-07-16_01-42-54 [restartedMain] INFO  c.c.a.AuthorizationMicroserviceApplication - Started AuthorizationMicroserviceApplication in 8.982 seconds (JVM running for 11.339)
2022-07-16_01-42-54 [RMI TCP Connection(1)-192.168.0.7] INFO  o.a.c.c.C.[.[localhost].[/auth] - Initializing Spring DispatcherServlet 'dispatcherServlet'
2022-07-16_01-42-54 [RMI TCP Connection(1)-192.168.0.7] INFO  o.s.web.servlet.DispatcherServlet - Initializing Servlet 'dispatcherServlet'
2022-07-16_01-42-54 [RMI TCP Connection(1)-192.168.0.7] INFO  o.s.web.servlet.DispatcherServlet - Completed initialization in 16 ms
2022-07-16_01-42-54 [http-nio-8400-exec-2] INFO  c.c.a.service.JwtUserDetailsService - User found
2022-07-16_01-42-54 [http-nio-8400-exec-2] INFO  c.c.a.service.JwtUserDetailsService - userModel successfully located
2022-07-16_01-42-54 [http-nio-8400-exec-2] INFO  c.c.a.service.JwtUserDetailsService - User found
2022-07-16_01-42-54 [http-nio-8400-exec-2] INFO  c.c.a.service.JwtUserDetailsService - userModel successfully located
2022-07-16_01-42-54 [http-nio-8400-exec-5] INFO  c.c.a.service.JwtUserDetailsService - User found
2022-07-16_01-42-54 [http-nio-8400-exec-5] INFO  c.c.a.service.JwtUserDetailsService - userModel successfully located
2022-07-16_01-42-54 [http-nio-8400-exec-5] INFO  c.c.a.service.JwtUserDetailsService - User found
2022-07-16_01-42-54 [http-nio-8400-exec-5] INFO  c.c.a.service.JwtUserDetailsService - userModel successfully located
2022-07-16_01-42-54 [http-nio-8400-exec-6] INFO  c.c.a.service.JwtUserDetailsService - User found
2022-07-16_01-42-54 [http-nio-8400-exec-6] INFO  c.c.a.service.JwtUserDetailsService - userModel successfully located
2022-07-16_01-42-54 [http-nio-8400-exec-9] INFO  c.c.a.service.JwtUserDetailsService - User found
2022-07-16_01-42-54 [http-nio-8400-exec-9] INFO  c.c.a.service.JwtUserDetailsService - userModel successfully located
2022-07-16_01-42-54 [SpringContextShutdownHook] INFO  o.s.s.c.ThreadPoolTaskExecutor - Shutting down ExecutorService 'applicationTaskExecutor'
2022-07-16_01-42-54 [SpringContextShutdownHook] INFO  o.s.o.j.LocalContainerEntityManagerFactoryBean - Closing JPA EntityManagerFactory for persistence unit 'default'
2022-07-16_01-42-54 [SpringContextShutdownHook] INFO  o.h.t.s.i.SchemaDropperImpl$DelayedDropActionImpl - HHH000477: Starting delayed evictData of schema as part of SessionFactory shut-down'
2022-07-16_01-42-54 [SpringContextShutdownHook] INFO  com.zaxxer.hikari.HikariDataSource - HikariPool-1 - Shutdown initiated...
2022-07-16_01-42-54 [SpringContextShutdownHook] INFO  com.zaxxer.hikari.HikariDataSource - HikariPool-1 - Shutdown completed.
2022-07-16_03-02-09 [restartedMain] INFO  c.c.a.AuthorizationMicroserviceApplication - Starting AuthorizationMicroserviceApplication using Java 17 on DEXTER with PID 6780 (C:\Users\praty\Desktop\CTS project\Final Project\Authorization-Microservice\target\classes started by Pratyay in C:\Users\praty\Desktop\CTS project\Final Project\Authorization-Microservice)
2022-07-16_03-02-09 [restartedMain] INFO  c.c.a.AuthorizationMicroserviceApplication - No active profile set, falling back to default profiles: default
2022-07-16_03-02-09 [restartedMain] INFO  o.s.b.d.e.DevToolsPropertyDefaultsPostProcessor - Devtools property defaults active! Set 'spring.devtools.add-properties' to 'false' to disable
2022-07-16_03-02-09 [restartedMain] INFO  o.s.b.d.e.DevToolsPropertyDefaultsPostProcessor - For additional web related logging consider setting the 'logging.level.web' property to 'DEBUG'
2022-07-16_03-02-09 [restartedMain] INFO  o.s.d.r.c.RepositoryConfigurationDelegate - Bootstrapping Spring Data JPA repositories in DEFAULT mode.
2022-07-16_03-02-09 [restartedMain] INFO  o.s.d.r.c.RepositoryConfigurationDelegate - Finished Spring Data repository scanning in 65 ms. Found 1 JPA repository interfaces.
2022-07-16_03-02-09 [restartedMain] INFO  o.s.cloud.context.scope.GenericScope - BeanFactory id=0f287c49-3703-3f0b-9e26-5165d2523385
2022-07-16_03-02-09 [restartedMain] INFO  o.s.b.w.e.tomcat.TomcatWebServer - Tomcat initialized with port(s): 8400 (http)
2022-07-16_03-02-09 [restartedMain] INFO  o.a.coyote.http11.Http11NioProtocol - Initializing ProtocolHandler ["http-nio-8400"]
2022-07-16_03-02-09 [restartedMain] INFO  o.a.catalina.core.StandardService - Starting service [Tomcat]
2022-07-16_03-02-09 [restartedMain] INFO  o.a.catalina.core.StandardEngine - Starting Servlet engine: [Apache Tomcat/9.0.41]
2022-07-16_03-02-09 [restartedMain] INFO  o.a.c.c.C.[.[localhost].[/auth] - Initializing Spring embedded WebApplicationContext
2022-07-16_03-02-09 [restartedMain] INFO  o.s.b.w.s.c.ServletWebServerApplicationContext - Root WebApplicationContext: initialization completed in 2536 ms
2022-07-16_03-02-09 [restartedMain] INFO  com.zaxxer.hikari.HikariDataSource - HikariPool-1 - Starting...
2022-07-16_03-02-09 [restartedMain] INFO  com.zaxxer.hikari.HikariDataSource - HikariPool-1 - Start completed.
2022-07-16_03-02-09 [restartedMain] INFO  o.s.b.a.h.H2ConsoleAutoConfiguration - H2 console available at '/db'. Database available at 'jdbc:h2:mem:authdb'
2022-07-16_03-02-09 [restartedMain] INFO  o.h.jpa.internal.util.LogHelper - HHH000204: Processing PersistenceUnitInfo [name: default]
2022-07-16_03-02-09 [restartedMain] INFO  org.hibernate.Version - HHH000412: Hibernate ORM core version 5.4.27.Final
2022-07-16_03-02-09 [restartedMain] INFO  o.h.annotations.common.Version - HCANN000001: Hibernate Commons Annotations {5.1.2.Final}
2022-07-16_03-02-09 [restartedMain] INFO  org.hibernate.dialect.Dialect - HHH000400: Using dialect: org.hibernate.dialect.H2Dialect
2022-07-16_03-02-09 [restartedMain] INFO  o.h.e.t.j.p.i.JtaPlatformInitiator - HHH000490: Using JtaPlatform implementation: [org.hibernate.engine.transaction.jta.platform.internal.NoJtaPlatform]
2022-07-16_03-02-09 [restartedMain] INFO  o.s.o.j.LocalContainerEntityManagerFactoryBean - Initialized JPA EntityManagerFactory for persistence unit 'default'
2022-07-16_03-02-09 [restartedMain] INFO  o.s.b.d.a.OptionalLiveReloadServer - LiveReload server is running on port 35729
2022-07-16_03-02-09 [restartedMain] INFO  o.s.s.web.DefaultSecurityFilterChain - Will secure any request with [org.springframework.security.web.context.request.async.WebAsyncManagerIntegrationFilter@3edcb702, org.springframework.security.web.context.SecurityContextPersistenceFilter@e2a7dc4, org.springframework.security.web.header.HeaderWriterFilter@710f91c3, org.springframework.security.web.authentication.logout.LogoutFilter@70b85b7a, com.cts.authorization.config.JwtRequestFilter@4a0116ae, org.springframework.security.web.savedrequest.RequestCacheAwareFilter@bb2d242, org.springframework.security.web.servletapi.SecurityContextHolderAwareRequestFilter@480a153, org.springframework.security.web.authentication.AnonymousAuthenticationFilter@1f0f6e13, org.springframework.security.web.session.SessionManagementFilter@23adb6e6, org.springframework.security.web.access.ExceptionTranslationFilter@2af66f01, org.springframework.security.web.access.intercept.FilterSecurityInterceptor@52a2f53a]
2022-07-16_03-02-09 [restartedMain] INFO  o.s.s.c.ThreadPoolTaskExecutor - Initializing ExecutorService 'applicationTaskExecutor'
2022-07-16_03-02-09 [restartedMain] INFO  o.s.b.a.e.web.EndpointLinksResolver - Exposing 2 endpoint(s) beneath base path '/actuator'
2022-07-16_03-02-09 [restartedMain] INFO  o.a.coyote.http11.Http11NioProtocol - Starting ProtocolHandler ["http-nio-8400"]
2022-07-16_03-02-09 [restartedMain] INFO  o.s.b.w.e.tomcat.TomcatWebServer - Tomcat started on port(s): 8400 (http) with context path '/auth'
2022-07-16_03-02-09 [restartedMain] INFO  c.c.a.AuthorizationMicroserviceApplication - Started AuthorizationMicroserviceApplication in 6.476 seconds (JVM running for 9.181)
2022-07-16_03-02-09 [RMI TCP Connection(1)-192.168.0.7] INFO  o.a.c.c.C.[.[localhost].[/auth] - Initializing Spring DispatcherServlet 'dispatcherServlet'
2022-07-16_03-02-09 [RMI TCP Connection(1)-192.168.0.7] INFO  o.s.web.servlet.DispatcherServlet - Initializing Servlet 'dispatcherServlet'
2022-07-16_03-02-09 [RMI TCP Connection(1)-192.168.0.7] INFO  o.s.web.servlet.DispatcherServlet - Completed initialization in 15 ms
2022-07-16_03-02-09 [http-nio-8400-exec-2] INFO  c.c.a.service.JwtUserDetailsService - user successfully located
2022-07-16_03-02-09 [http-nio-8400-exec-2] INFO  c.c.a.service.JwtUserDetailsService - user successfully located
2022-07-16_03-02-09 [http-nio-8400-exec-5] INFO  c.c.a.service.JwtUserDetailsService - user successfully located
2022-07-16_03-02-09 [http-nio-8400-exec-7] INFO  c.c.a.service.JwtUserDetailsService - user successfully located
2022-07-16_03-02-09 [SpringContextShutdownHook] INFO  o.s.s.c.ThreadPoolTaskExecutor - Shutting down ExecutorService 'applicationTaskExecutor'
2022-07-16_03-02-09 [SpringContextShutdownHook] INFO  o.s.o.j.LocalContainerEntityManagerFactoryBean - Closing JPA EntityManagerFactory for persistence unit 'default'
2022-07-16_03-02-09 [SpringContextShutdownHook] INFO  o.h.t.s.i.SchemaDropperImpl$DelayedDropActionImpl - HHH000477: Starting delayed evictData of schema as part of SessionFactory shut-down'
2022-07-16_03-02-09 [SpringContextShutdownHook] INFO  com.zaxxer.hikari.HikariDataSource - HikariPool-1 - Shutdown initiated...
2022-07-16_03-02-09 [SpringContextShutdownHook] INFO  com.zaxxer.hikari.HikariDataSource - HikariPool-1 - Shutdown completed.
